<?xml version="1.0" encoding="UTF-8"?>
<!-- Generated by org.testng.reporters.JUnitReportReporter -->
<testsuite hostname="VaibhavsLappy" failures="0" tests="1" name="console.runner.CucumberTestRunner" time="71.864" errors="0" timestamp="02 Jun 2023 18:18:25 GMT" skipped="0">
  <testcase classname="console.runner.CucumberTestRunner" name="runScenario" time="71.864"/>
</testsuite> <!-- console.runner.CucumberTestRunner -->
